{"/home/maxwellium/code/max/matcho/src/create-highlight-regexp.ts": {"path":"/home/maxwellium/code/max/matcho/src/create-highlight-regexp.ts","statementMap":{"0":{"start":{"line":1,"column":13},"end":{"line":7,"column":2}},"1":{"start":{"line":5,"column":5},"end":{"line":6,"column":null}}},"fnMap":{"0":{"name":"(anonymous_0)","decl":{"start":{"line":1,"column":37},"end":{"line":1,"column":null}},"loc":{"start":{"line":5,"column":5},"end":{"line":6,"column":null}}}},"branchMap":{"0":{"loc":{"start":{"line":3,"column":21},"end":{"line":3,"column":23}},"type":"default-arg","locations":[{"start":{"line":3,"column":21},"end":{"line":3,"column":23}}]},"1":{"loc":{"start":{"line":4,"column":10},"end":{"line":4,"column":13}},"type":"default-arg","locations":[{"start":{"line":4,"column":10},"end":{"line":4,"column":13}}]}},"s":{"0":3,"1":4},"f":{"0":4},"b":{"0":[2],"1":[1]}}
,"/home/maxwellium/code/max/matcho/src/full-number-highlighter.ts": {"path":"/home/maxwellium/code/max/matcho/src/full-number-highlighter.ts","statementMap":{"0":{"start":{"line":1,"column":0},"end":{"line":1,"column":66}},"1":{"start":{"line":2,"column":0},"end":{"line":2,"column":57}},"2":{"start":{"line":5,"column":13},"end":{"line":9,"column":2}},"3":{"start":{"line":5,"column":94},"end":{"line":8,"column":null}}},"fnMap":{"0":{"name":"(anonymous_0)","decl":{"start":{"line":5,"column":37},"end":{"line":5,"column":39}},"loc":{"start":{"line":5,"column":94},"end":{"line":8,"column":null}}}},"branchMap":{},"s":{"0":3,"1":3,"2":3,"3":1},"f":{"0":1},"b":{}}
,"/home/maxwellium/code/max/matcho/src/full-text-highlighter.ts": {"path":"/home/maxwellium/code/max/matcho/src/full-text-highlighter.ts","statementMap":{"0":{"start":{"line":1,"column":0},"end":{"line":1,"column":66}},"1":{"start":{"line":2,"column":0},"end":{"line":2,"column":57}},"2":{"start":{"line":5,"column":13},"end":{"line":9,"column":2}},"3":{"start":{"line":5,"column":85},"end":{"line":8,"column":null}}},"fnMap":{"0":{"name":"(anonymous_0)","decl":{"start":{"line":5,"column":35},"end":{"line":5,"column":37}},"loc":{"start":{"line":5,"column":85},"end":{"line":8,"column":null}}}},"branchMap":{},"s":{"0":3,"1":3,"2":3,"3":1},"f":{"0":1},"b":{}}
,"/home/maxwellium/code/max/matcho/src/highlight-parts.ts": {"path":"/home/maxwellium/code/max/matcho/src/highlight-parts.ts","statementMap":{"0":{"start":{"line":3,"column":13},"end":{"line":9,"column":41}},"1":{"start":{"line":6,"column":20},"end":{"line":9,"column":40}},"2":{"start":{"line":8,"column":29},"end":{"line":8,"column":66}},"3":{"start":{"line":9,"column":27},"end":{"line":9,"column":38}}},"fnMap":{"0":{"name":"(anonymous_0)","decl":{"start":{"line":3,"column":30},"end":{"line":3,"column":null}},"loc":{"start":{"line":6,"column":20},"end":{"line":9,"column":40}}},"1":{"name":"(anonymous_1)","decl":{"start":{"line":8,"column":8},"end":{"line":8,"column":10}},"loc":{"start":{"line":8,"column":29},"end":{"line":8,"column":66}}},"2":{"name":"(anonymous_2)","decl":{"start":{"line":9,"column":11},"end":{"line":9,"column":13}},"loc":{"start":{"line":9,"column":27},"end":{"line":9,"column":38}}}},"branchMap":{},"s":{"0":3,"1":4,"2":20,"3":20},"f":{"0":4,"1":20,"2":20},"b":{}}
,"/home/maxwellium/code/max/matcho/src/index.ts": {"path":"/home/maxwellium/code/max/matcho/src/index.ts","statementMap":{"0":{"start":{"line":1,"column":0},"end":{"line":1,"column":9}},"1":{"start":{"line":1,"column":9},"end":{"line":1,"column":66}},"2":{"start":{"line":2,"column":0},"end":{"line":2,"column":9}},"3":{"start":{"line":2,"column":9},"end":{"line":2,"column":66}},"4":{"start":{"line":3,"column":0},"end":{"line":3,"column":9}},"5":{"start":{"line":3,"column":9},"end":{"line":3,"column":62}},"6":{"start":{"line":4,"column":0},"end":{"line":4,"column":9}},"7":{"start":{"line":4,"column":9},"end":{"line":4,"column":51}},"8":{"start":{"line":5,"column":0},"end":{"line":5,"column":9}},"9":{"start":{"line":5,"column":9},"end":{"line":5,"column":57}}},"fnMap":{"0":{"name":"(anonymous_0)","decl":{"start":{"line":1,"column":9},"end":{"line":1,"column":30}},"loc":{"start":{"line":1,"column":9},"end":{"line":1,"column":66}}},"1":{"name":"(anonymous_1)","decl":{"start":{"line":2,"column":9},"end":{"line":2,"column":30}},"loc":{"start":{"line":2,"column":9},"end":{"line":2,"column":66}}},"2":{"name":"(anonymous_2)","decl":{"start":{"line":3,"column":9},"end":{"line":3,"column":28}},"loc":{"start":{"line":3,"column":9},"end":{"line":3,"column":62}}},"3":{"name":"(anonymous_3)","decl":{"start":{"line":4,"column":9},"end":{"line":4,"column":23}},"loc":{"start":{"line":4,"column":9},"end":{"line":4,"column":51}}},"4":{"name":"(anonymous_4)","decl":{"start":{"line":5,"column":9},"end":{"line":5,"column":26}},"loc":{"start":{"line":5,"column":9},"end":{"line":5,"column":57}}}},"branchMap":{},"s":{"0":3,"1":3,"2":3,"3":4,"4":3,"5":4,"6":3,"7":3,"8":3,"9":5},"f":{"0":0,"1":1,"2":1,"3":0,"4":2},"b":{}}
,"/home/maxwellium/code/max/matcho/src/phrase-highlighter.ts": {"path":"/home/maxwellium/code/max/matcho/src/phrase-highlighter.ts","statementMap":{"0":{"start":{"line":1,"column":0},"end":{"line":1,"column":51}},"1":{"start":{"line":2,"column":0},"end":{"line":2,"column":66}},"2":{"start":{"line":5,"column":13},"end":{"line":9,"column":66}},"3":{"start":{"line":9,"column":27},"end":{"line":9,"column":65}},"4":{"start":{"line":9,"column":35},"end":{"line":9,"column":65}}},"fnMap":{"0":{"name":"(anonymous_0)","decl":{"start":{"line":5,"column":33},"end":{"line":5,"column":null}},"loc":{"start":{"line":9,"column":27},"end":{"line":9,"column":65}}},"1":{"name":"(anonymous_1)","decl":{"start":{"line":9,"column":27},"end":{"line":9,"column":31}},"loc":{"start":{"line":9,"column":35},"end":{"line":9,"column":65}}}},"branchMap":{"0":{"loc":{"start":{"line":7,"column":10},"end":{"line":7,"column":13}},"type":"default-arg","locations":[{"start":{"line":7,"column":10},"end":{"line":7,"column":13}}]},"1":{"loc":{"start":{"line":8,"column":11},"end":{"line":8,"column":58}},"type":"default-arg","locations":[{"start":{"line":8,"column":11},"end":{"line":8,"column":58}}]}},"s":{"0":3,"1":3,"2":3,"3":4,"4":4},"f":{"0":4,"1":4},"b":{"0":[3],"1":[2]}}
}
